<?xml version="1.0" encoding="UTF-8"?>
<testsuite name="DollarCalculatorTest" tests="1" skipped="0" failures="0" errors="0" timestamp="2022-08-21T05:58:56" hostname="DESKTOP-FG0KIAT" time="3.425">
  <properties/>
  <testcase name="dollarTest()" classname="DollarCalculatorTest" time="3.425"/>
  <system-out><![CDATA[22000
]]></system-out>
  <system-err><![CDATA[]]></system-err>
</testsuite>
