<?xml version="1.0" encoding="UTF-8"?>
<testsuite name="DollarCalculatorTest" tests="4" skipped="0" failures="0" errors="0" timestamp="2022-08-21T02:57:24" hostname="DESKTOP-FG0KIAT" time="2.806">
  <properties/>
  <testcase name="dollarTest()" classname="DollarCalculatorTest" time="2.721"/>
  <testcase name="testHello()" classname="DollarCalculatorTest" time="0.035"/>
  <testcase name="mockTest()" classname="DollarCalculatorTest" time="0.026"/>
  <testcase name="KrwTest()" classname="DollarCalculatorTest" time="0.009"/>
  <system-out><![CDATA[22000
hello
60000
20
]]></system-out>
  <system-err><![CDATA[]]></system-err>
</testsuite>
